<?xml version="1.0" encoding="UTF-8"?>
<!-- Generated by org.testng.reporters.JUnitXMLReporter -->
<testsuite ignored="0" hostname="DESKTOP-TF4DP7M" failures="1" tests="4" name="ErrorValidation" time="40.025" errors="0" timestamp="2024-02-08T10:50:01 IST">
  <testcase classname="TestingPractisecompany.Tests.ErrorValidationTest" name="cataloguepagPagerrorValidation" time="1.651"/>
  <testcase classname="TestingPractisecompany.Tests.ErrorValidationTest" name="cataloguepagPagerrorValidation" time="1.085"/>
  <testcase classname="TestingPractisecompany.Tests.ErrorValidationTest" name="loginPagerrorValidation" time="0.553">
    <skipped/>
  </testcase> <!-- loginPagerrorValidation -->
  <testcase classname="TestingPractisecompany.Tests.ErrorValidationTest" name="loginPagerrorValidation" time="0.559">
    <failure type="java.lang.AssertionError" message="expected [Incorrect email or password.] but found [Incorrect password.]">
      <![CDATA[java.lang.AssertionError: expected [Incorrect email or password.] but found [Incorrect password.]
at TestingPractisecompany.Tests.ErrorValidationTest.loginPagerrorValidation(ErrorValidationTest.java:23)
at java.base/java.util.ArrayList.forEach(ArrayList.java:1511)
at java.base/java.util.concurrent.FutureTask.run(FutureTask.java:264)
at java.base/java.util.concurrent.ThreadPoolExecutor.runWorker(ThreadPoolExecutor.java:1136)
at java.base/java.util.concurrent.ThreadPoolExecutor$Worker.run(ThreadPoolExecutor.java:635)
at java.base/java.lang.Thread.run(Thread.java:833)
... Removed 23 stack frames]]>
    </failure>
  </testcase> <!-- loginPagerrorValidation -->
</testsuite> <!-- ErrorValidation -->
