<?xml version="1.0" encoding="UTF-8"?>
<testng-results ignored="0" total="2" passed="1" failed="1" skipped="0">
  <reporter-output>
  </reporter-output>
  <suite started-at="2024-02-21T11:06:22 IST" name="Default suite" finished-at="2024-02-21T11:06:52 IST" duration-ms="30195">
    <groups>
      <group name="cucumber">
        <method signature="AbstractTestNGCucumberTests.runScenario(io.cucumber.testng.PickleWrapper,io.cucumber.testng.FeatureWrapper)[pri:0, instance:cucumbers.TestNgRunner@31190526]" name="runScenario" class="io.cucumber.testng.AbstractTestNGCucumberTests"/>
      </group> <!-- cucumber -->
    </groups>
    <test started-at="2024-02-21T11:06:22 IST" name="Default test" finished-at="2024-02-21T11:06:52 IST" duration-ms="30195">
      <class name="cucumbers.TestNgRunner">
        <test-method is-config="true" signature="setUpClass(org.testng.ITestContext)[pri:0, instance:cucumbers.TestNgRunner@31190526]" started-at="2024-02-21T11:06:22 IST" name="setUpClass" finished-at="2024-02-21T11:06:22 IST" duration-ms="796" status="PASS">
          <params>
            <param index="0">
              <value>
                <![CDATA[org.testng.TestRunner@3f1ed068]]>
              </value>
            </param>
          </params>
          <reporter-output>
          </reporter-output>
        </test-method> <!-- setUpClass -->
        <test-method signature="runScenario(io.cucumber.testng.PickleWrapper,io.cucumber.testng.FeatureWrapper)[pri:0, instance:cucumbers.TestNgRunner@31190526]" started-at="2024-02-21T11:06:22 IST" name="runScenario" description="Runs Cucumber Scenarios" data-provider="scenarios" finished-at="2024-02-21T11:06:31 IST" duration-ms="8469" status="PASS">
          <params>
            <param index="0">
              <value>
                <![CDATA["Title of your scenario outline"]]>
              </value>
            </param>
            <param index="1">
              <value>
                <![CDATA["Error Validation"]]>
              </value>
            </param>
          </params>
          <reporter-output>
          </reporter-output>
        </test-method> <!-- runScenario -->
        <test-method signature="runScenario(io.cucumber.testng.PickleWrapper,io.cucumber.testng.FeatureWrapper)[pri:0, instance:cucumbers.TestNgRunner@31190526]" started-at="2024-02-21T11:06:31 IST" name="runScenario" description="Runs Cucumber Scenarios" data-provider="scenarios" finished-at="2024-02-21T11:06:52 IST" duration-ms="20725" status="FAIL">
          <params>
            <param index="0">
              <value>
                <![CDATA["Positive Test of order submitting"]]>
              </value>
            </param>
            <param index="1">
              <value>
                <![CDATA["Placing the Order"]]>
              </value>
            </param>
          </params>
          <exception class="java.lang.AssertionError">
            <message>
              <![CDATA[expected [true] but found [false]]]>
            </message>
            <full-stacktrace>
              <![CDATA[java.lang.AssertionError: expected [true] but found [false]
at org.testng.Assert.fail(Assert.java:111)
at org.testng.Assert.failNotEquals(Assert.java:1578)
at org.testng.Assert.assertTrue(Assert.java:57)
at org.testng.Assert.assertTrue(Assert.java:67)
at Stepdefinition.OrderPlacedStepDefinition.checkout_and_submit_the_order(OrderPlacedStepDefinition.java:49)
at âœ½.checkout ZARA COAT 3 and submit the order(file:///D:/Javaselenium_Practise/SeleniumFrameWorkDesign/src/test/java/cucumbers/standAlone.feature:15)
]]>
            </full-stacktrace>
          </exception> <!-- java.lang.AssertionError -->
          <reporter-output>
          </reporter-output>
        </test-method> <!-- runScenario -->
        <test-method is-config="true" signature="tearDownClass()[pri:0, instance:cucumbers.TestNgRunner@31190526]" started-at="2024-02-21T11:06:52 IST" name="tearDownClass" finished-at="2024-02-21T11:06:52 IST" duration-ms="142" status="PASS">
          <reporter-output>
          </reporter-output>
        </test-method> <!-- tearDownClass -->
      </class> <!-- cucumbers.TestNgRunner -->
    </test> <!-- Default test -->
  </suite> <!-- Default suite -->
</testng-results>
