<?xml version="1.0" encoding="UTF-8"?>
<!-- Generated by org.testng.reporters.JUnitReportReporter -->
<testsuite hostname="DESKTOP-TF4DP7M" failures="1" tests="2" name="cucumbers.TestNgRunner" time="29.194" errors="0" timestamp="2024-02-21T11:06:52 IST" skipped="0">
  <testcase classname="cucumbers.TestNgRunner" name="runScenario" time="20.725">
    <failure message="expected [true] but found [false]" type="java.lang.AssertionError">
      <![CDATA[java.lang.AssertionError: expected [true] but found [false]
at org.testng.Assert.fail(Assert.java:111)
at org.testng.Assert.failNotEquals(Assert.java:1578)
at org.testng.Assert.assertTrue(Assert.java:57)
at org.testng.Assert.assertTrue(Assert.java:67)
at Stepdefinition.OrderPlacedStepDefinition.checkout_and_submit_the_order(OrderPlacedStepDefinition.java:49)
at âœ½.checkout ZARA COAT 3 and submit the order(file:///D:/Javaselenium_Practise/SeleniumFrameWorkDesign/src/test/java/cucumbers/standAlone.feature:15)
]]>
    </failure>
  </testcase> <!-- runScenario -->
  <testcase classname="cucumbers.TestNgRunner" name="runScenario" time="8.469"/>
</testsuite> <!-- cucumbers.TestNgRunner -->
